<?xml version="1.0" encoding="UTF-8"?>
<!-- Generated by org.testng.reporters.JUnitXMLReporter -->
<testsuite ignored="0" hostname="DESKTOP-RQI7PRF" failures="0" tests="13" name="Accounts Page Test" time="90.964" errors="0" timestamp="2024-11-28T11:28:07 IST">
  <testcase classname="com.qa.opencart.tests.AccountsPageTest" name="accountHeaderTest" time="0.85"/>
  <testcase classname="com.qa.opencart.tests.AccountsPageTest" name="accountHeaderValueTest" time="0.474"/>
  <testcase classname="com.qa.opencart.tests.AccountsPageTest" name="accountsPageTitleTest" time="0.353"/>
  <testcase classname="com.qa.opencart.tests.AccountsPageTest" name="accountsPageUrlTest" time="0.107"/>
  <testcase classname="com.qa.opencart.tests.AccountsPageTest" name="isLogoutLinkExistTest" time="0.263"/>
  <testcase classname="com.qa.opencart.tests.AccountsPageTest" name="searchProductCountTest" time="4.759"/>
  <testcase classname="com.qa.opencart.tests.AccountsPageTest" name="searchProductCountTest" time="6.903"/>
  <testcase classname="com.qa.opencart.tests.AccountsPageTest" name="searchProductCountTest" time="12.13"/>
  <testcase classname="com.qa.opencart.tests.AccountsPageTest" name="searchProductCountTest" time="5.223"/>
  <testcase classname="com.qa.opencart.tests.AccountsPageTest" name="searchProductTest" time="7.625"/>
  <testcase classname="com.qa.opencart.tests.AccountsPageTest" name="searchProductTest" time="6.414"/>
  <testcase classname="com.qa.opencart.tests.AccountsPageTest" name="searchProductTest" time="6.647"/>
  <testcase classname="com.qa.opencart.tests.AccountsPageTest" name="searchProductTest" time="6.371"/>
</testsuite> <!-- Accounts Page Test -->
