<?xml version="1.0" encoding="UTF-8"?>
<!-- Generated by org.testng.reporters.JUnitXMLReporter -->
<testsuite ignored="0" hostname="DESKTOP-RQI7PRF" failures="0" tests="4" name="Login Page Test" time="16.627" errors="0" timestamp="2024-11-28T13:26:07 IST">
  <testcase classname="com.qa.opencart.tests.LoginPageTest" name="loginPageTitleTest" time="0.197"/>
  <testcase classname="com.qa.opencart.tests.LoginPageTest" name="loginPageUrlTest" time="0.036"/>
  <testcase classname="com.qa.opencart.tests.LoginPageTest" name="forgotpassLinkExistTest" time="0.14"/>
  <testcase classname="com.qa.opencart.tests.LoginPageTest" name="loginTest" time="5.66"/>
</testsuite> <!-- Login Page Test -->
