<?xml version="1.0" encoding="UTF-8"?>
<!-- Generated by org.testng.reporters.JUnitXMLReporter -->
<testsuite ignored="0" hostname="DESKTOP-RQI7PRF" failures="0" tests="9" name="ProductInfo Page Test" time="107.52" errors="0" timestamp="2024-11-28T11:28:23 IST">
  <testcase classname="com.qa.opencart.tests.ProductInfoPageTest" name="addToCartMultipleProductTest" time="14.312"/>
  <testcase classname="com.qa.opencart.tests.ProductInfoPageTest" name="addToCartMultipleProductTest" time="17.259"/>
  <testcase classname="com.qa.opencart.tests.ProductInfoPageTest" name="addToCartMultipleProductTest" time="9.663"/>
  <testcase classname="com.qa.opencart.tests.ProductInfoPageTest" name="addToCartSingleProdcuttTest" time="8.644"/>
  <testcase classname="com.qa.opencart.tests.ProductInfoPageTest" name="productImagecountTest" time="5.418"/>
  <testcase classname="com.qa.opencart.tests.ProductInfoPageTest" name="productImagecountTest" time="5.288"/>
  <testcase classname="com.qa.opencart.tests.ProductInfoPageTest" name="productImagecountTest" time="4.022"/>
  <testcase classname="com.qa.opencart.tests.ProductInfoPageTest" name="productImagecountTest" time="4.328"/>
  <testcase classname="com.qa.opencart.tests.ProductInfoPageTest" name="productInfoTest" time="6.103"/>
</testsuite> <!-- ProductInfo Page Test -->
