<?xml version="1.0" encoding="UTF-8"?>
<!-- Generated by org.testng.reporters.JUnitXMLReporter -->
<testsuite ignored="0" hostname="DESKTOP-RQI7PRF" failures="0" tests="4" name="Registration Page Test" time="117.215" errors="0" timestamp="2024-11-28T11:28:33 IST">
  <testcase classname="com.qa.opencart.tests.RegistrationPageTest" name="userRegTest" time="33.511"/>
  <testcase classname="com.qa.opencart.tests.RegistrationPageTest" name="userRegTest" time="19.887"/>
  <testcase classname="com.qa.opencart.tests.RegistrationPageTest" name="userRegTest" time="17.933"/>
  <testcase classname="com.qa.opencart.tests.RegistrationPageTest" name="userRegTest" time="14.238"/>
</testsuite> <!-- Registration Page Test -->
