<?xml version="1.0" encoding="UTF-8"?>
<!-- Generated by org.testng.reporters.JUnitXMLReporter -->
<testsuite ignored="0" hostname="DESKTOP-RQI7PRF" failures="0" tests="4" name="Default test" time="27.015" errors="0" timestamp="2024-10-24T14:18:05 IST">
  <testcase classname="com.qa.opencart.tests.ProductInfoPageTest" name="productImagecountTest" time="3.3"/>
  <testcase classname="com.qa.opencart.tests.ProductInfoPageTest" name="productImagecountTest" time="3.467"/>
  <testcase classname="com.qa.opencart.tests.ProductInfoPageTest" name="productImagecountTest" time="3.731"/>
  <testcase classname="com.qa.opencart.tests.ProductInfoPageTest" name="productImagecountTest" time="6.018"/>
</testsuite> <!-- Default test -->
