<?xml version="1.0" encoding="UTF-8"?>
<!-- Generated by org.testng.reporters.JUnitXMLReporter -->
<testsuite ignored="0" hostname="DESKTOP-RQI7PRF" failures="0" tests="4" name="Default test" time="59.786" errors="0" timestamp="2024-11-21T14:23:35 IST">
  <testcase classname="com.qa.opencart.tests.RegistrationPageTest" name="userRegTest" time="14.428"/>
  <testcase classname="com.qa.opencart.tests.RegistrationPageTest" name="userRegTest" time="11.791"/>
  <testcase classname="com.qa.opencart.tests.RegistrationPageTest" name="userRegTest" time="11.833"/>
  <testcase classname="com.qa.opencart.tests.RegistrationPageTest" name="userRegTest" time="12.181"/>
</testsuite> <!-- Default test -->
