<?xml version="1.0" encoding="UTF-8"?>
<testng-results ignored="0" total="4" passed="4" failed="0" skipped="0">
  <reporter-output>
  </reporter-output>
  <suite started-at="2024-10-21T14:23:15 IST" name="Default suite" finished-at="2024-10-21T14:23:27 IST" duration-ms="12186">
    <groups>
    </groups>
    <test started-at="2024-10-21T14:23:15 IST" name="Default test" finished-at="2024-10-21T14:23:27 IST" duration-ms="12186">
      <class name="com.qa.opencart.tests.LoginPageTest">
        <test-method is-config="true" signature="setUp()[pri:0, instance:com.qa.opencart.tests.LoginPageTest@4331d187]" started-at="2024-10-21T14:23:15 IST" name="setUp" finished-at="2024-10-21T14:23:25 IST" duration-ms="10238" status="PASS">
          <reporter-output>
          </reporter-output>
        </test-method> <!-- setUp -->
        <test-method signature="loginPageTitleTest()[pri:1, instance:com.qa.opencart.tests.LoginPageTest@4331d187]" started-at="2024-10-21T14:23:25 IST" name="loginPageTitleTest" finished-at="2024-10-21T14:23:25 IST" duration-ms="100" status="PASS">
          <reporter-output>
          </reporter-output>
        </test-method> <!-- loginPageTitleTest -->
        <test-method signature="loginPageUrlTest()[pri:2, instance:com.qa.opencart.tests.LoginPageTest@4331d187]" started-at="2024-10-21T14:23:25 IST" name="loginPageUrlTest" finished-at="2024-10-21T14:23:25 IST" duration-ms="19" status="PASS">
          <reporter-output>
          </reporter-output>
        </test-method> <!-- loginPageUrlTest -->
        <test-method signature="forgotpassLinkExistTest()[pri:3, instance:com.qa.opencart.tests.LoginPageTest@4331d187]" started-at="2024-10-21T14:23:25 IST" name="forgotpassLinkExistTest" finished-at="2024-10-21T14:23:26 IST" duration-ms="85" status="PASS">
          <reporter-output>
          </reporter-output>
        </test-method> <!-- forgotpassLinkExistTest -->
        <test-method signature="loginTest()[pri:4, instance:com.qa.opencart.tests.LoginPageTest@4331d187]" started-at="2024-10-21T14:23:26 IST" name="loginTest" finished-at="2024-10-21T14:23:26 IST" duration-ms="641" status="PASS">
          <reporter-output>
          </reporter-output>
        </test-method> <!-- loginTest -->
        <test-method is-config="true" signature="teardown()[pri:0, instance:com.qa.opencart.tests.LoginPageTest@4331d187]" started-at="2024-10-21T14:23:26 IST" name="teardown" finished-at="2024-10-21T14:23:27 IST" duration-ms="691" status="PASS">
          <reporter-output>
          </reporter-output>
        </test-method> <!-- teardown -->
      </class> <!-- com.qa.opencart.tests.LoginPageTest -->
    </test> <!-- Default test -->
  </suite> <!-- Default suite -->
</testng-results>
